# organization with more than 50 reviews

igrzb@DESKTOP-G14OTQL MINGW64 ~/Рабочий стол/yandex-scraper/src
$ node scraper.spec.js 

=== https://yandex.ru/maps/org/-/189590890814/reviews/ ===
[goto] 3762мс
[ssr] 622мс, отзывов после SSR: 50
... прогресс: 5 сек.
[summary] 358мс
[scroll 1] 2592мс, статус=ok, +50 отзывов, итого 100
[scroll 2] 971мс, статус=ok, +50 отзывов, итого 150
[scroll 3] 570мс, статус=ok, +50 отзывов, итого 200
... прогресс: 10 сек.
[scroll 4] 1175мс, статус=ok, +50 отзывов, итого 250
[scroll 5] 1568мс, статус=ok, +50 отзывов, итого 300
[scroll 6] 865мс, статус=ok, +50 отзывов, итого 350
[scroll 7] 1602мс, статус=ok, +50 отзывов, итого 400
... прогресс: 15 сек.
[scroll 8] 1504мс, статус=ok, +50 отзывов, итого 450
[scroll 9] 1246мс, статус=ok, +50 отзывов, итого 500
[scroll 10] 1439мс, статус=ok, +50 отзывов, итого 550
[scroll 11] 1199мс, статус=ok, +50 отзывов, итого 600
Готово за 19.9 сек.
summary: { rating: 4.7, ratingsCount: 14043, reviewsCount: 3321 }
reviews: 600
c текстом: 600
с ответом организации: 133
