# organization with more than 50 reviews

igrzb@DESKTOP-G14OTQL MINGW64 ~/Рабочий стол/scraper-test
$ node scraper.spec.js 

=== https://yandex.ru/maps/org/-/189590890814/reviews/ ===
... прогресс: 5 сек.
[goto] 4031мс
[ssr] 438мс, отзывов после SSR: 50
[summary] 110мс
... прогресс: 10 сек.
[scroll 1] 8267мс, статус=TIMEOUT, +0 отзывов, итого 50
... прогресс: 15 сек.
... прогресс: 20 сек.
[scroll 2] 8019мс, статус=TIMEOUT, +0 отзывов, итого 50
... прогресс: 25 сек.
[scroll 3] 8033мс, статус=TIMEOUT, +0 отзывов, итого 50
... прогресс: 30 сек.
... прогресс: 35 сек.
[scroll 4] 8034мс, статус=TIMEOUT, +0 отзывов, итого 50
[scroll 5] 669мс, статус=ok, +50 отзывов, итого 100
... прогресс: 40 сек.
... прогресс: 45 сек.
[scroll 6] 8072мс, статус=TIMEOUT, +0 отзывов, итого 100
... прогресс: 50 сек.
[scroll 7] 8019мс, статус=TIMEOUT, +0 отзывов, итого 100
... прогресс: 55 сек.
... прогресс: 60 сек.
[scroll 8] 8007мс, статус=TIMEOUT, +0 отзывов, итого 100
... прогресс: 65 сек.
... прогресс: 70 сек.
[scroll 9] 8026мс, статус=TIMEOUT, +0 отзывов, итого 100
[scroll 10] 273мс, статус=ok, +50 отзывов, итого 150
... прогресс: 75 сек.
[scroll 11] 8641мс, статус=TIMEOUT, +0 отзывов, итого 150
... прогресс: 80 сек.
... прогресс: 85 сек.
[scroll 12] 8035мс, статус=TIMEOUT, +0 отзывов, итого 150
... прогресс: 90 сек.
... прогресс: 95 сек.
[scroll 13] 8028мс, статус=TIMEOUT, +0 отзывов, итого 150
... прогресс: 100 сек.
[scroll 14] 8025мс, статус=TIMEOUT, +0 отзывов, итого 150
[scroll 15] 929мс, статус=ok, +50 отзывов, итого 200
... прогресс: 105 сек.
... прогресс: 110 сек.
[scroll 16] 8038мс, статус=TIMEOUT, +0 отзывов, итого 200
... прогресс: 115 сек.
... прогресс: 120 сек.
[scroll 17] 8025мс, статус=TIMEOUT, +0 отзывов, итого 200
... прогресс: 125 сек.
[scroll 18] 8016мс, статус=TIMEOUT, +0 отзывов, итого 200
... прогресс: 130 сек.
... прогресс: 135 сек.
[scroll 19] 8013мс, статус=TIMEOUT, +0 отзывов, итого 200
[scroll 20] 928мс, статус=ok, +50 отзывов, итого 250
... прогресс: 140 сек.
... прогресс: 145 сек.
[scroll 21] 8029мс, статус=TIMEOUT, +0 отзывов, итого 250
... прогресс: 150 сек.
[scroll 22] 8055мс, статус=TIMEOUT, +0 отзывов, итого 250
... прогресс: 155 сек.
... прогресс: 160 сек.
[scroll 23] 8023мс, статус=TIMEOUT, +0 отзывов, итого 250
[scroll 24] 1091мс, статус=ok, +50 отзывов, итого 300
... прогресс: 165 сек.
... прогресс: 170 сек.
[scroll 25] 8154мс, статус=TIMEOUT, +0 отзывов, итого 300
... прогресс: 175 сек.
[scroll 26] 8011мс, статус=TIMEOUT, +0 отзывов, итого 300
... прогресс: 180 сек.
... прогресс: 185 сек.
[scroll 27] 8015мс, статус=TIMEOUT, +0 отзывов, итого 300
... прогресс: 190 сек.
[scroll 28] 8029мс, статус=TIMEOUT, +0 отзывов, итого 300
... прогресс: 195 сек.
[scroll 29] 361мс, статус=ok, +50 отзывов, итого 350
... прогресс: 200 сек.
[scroll 30] 8858мс, статус=TIMEOUT, +0 отзывов, итого 350
... прогресс: 205 сек.
... прогресс: 210 сек.
[scroll 31] 8015мс, статус=TIMEOUT, +0 отзывов, итого 350
... прогресс: 215 сек.
... прогресс: 220 сек.
[scroll 32] 8022мс, статус=TIMEOUT, +0 отзывов, итого 350
... прогресс: 225 сек.
[scroll 33] 8011мс, статус=TIMEOUT, +0 отзывов, итого 350
[scroll 34] 423мс, статус=ok, +50 отзывов, итого 400
... прогресс: 230 сек.
... прогресс: 235 сек.
[scroll 35] 8870мс, статус=TIMEOUT, +0 отзывов, итого 400
... прогресс: 240 сек.
... прогресс: 245 сек.
[scroll 36] 8021мс, статус=TIMEOUT, +0 отзывов, итого 400
... прогресс: 250 сек.
[scroll 37] 8019мс, статус=TIMEOUT, +0 отзывов, итого 400
... прогресс: 255 сек.
... прогресс: 260 сек.
[scroll 38] 8033мс, статус=TIMEOUT, +0 отзывов, итого 400
[scroll 39] 1267мс, статус=ok, +50 отзывов, итого 450
... прогресс: 265 сек.
... прогресс: 270 сек.
[scroll 40] 8034мс, статус=TIMEOUT, +0 отзывов, итого 450
... прогресс: 275 сек.
[scroll 41] 8029мс, статус=TIMEOUT, +0 отзывов, итого 450
... прогресс: 280 сек.
... прогресс: 285 сек.
[scroll 42] 8032мс, статус=TIMEOUT, +0 отзывов, итого 450
[scroll 43] 1854мс, статус=ok, +50 отзывов, итого 500
... прогресс: 290 сек.
... прогресс: 295 сек.
[scroll 44] 9930мс, статус=TIMEOUT, +0 отзывов, итого 500
... прогресс: 300 сек.
... прогресс: 305 сек.
[scroll 45] 8031мс, статус=TIMEOUT, +0 отзывов, итого 500
... прогресс: 310 сек.
[scroll 46] 8032мс, статус=TIMEOUT, +0 отзывов, итого 500
... прогресс: 315 сек.
[scroll 47] 1232мс, статус=ok, +50 отзывов, итого 550
... прогресс: 320 сек.
[scroll 48] 8069мс, статус=TIMEOUT, +0 отзывов, итого 550
... прогресс: 325 сек.
... прогресс: 330 сек.
[scroll 49] 8027мс, статус=TIMEOUT, +0 отзывов, итого 550
... прогресс: 335 сек.
[scroll 50] 8009мс, статус=TIMEOUT, +0 отзывов, итого 550
... прогресс: 340 сек.
[scroll 51] 590мс, статус=ok, +50 отзывов, итого 600
Готово за 341.2 сек.
summary: { rating: 4.7, ratingsCount: 14043, reviewsCount: 3321 }
reviews: 600
c текстом: 600
с ответом организации: 133
